c:\users\besitzer\documents\visual studio 2013\projects\sgl\sgl\debug\vc120.pdb
c:\users\besitzer\documents\visual studio 2013\projects\sgl\sgl\debug\vc120.idb
c:\users\besitzer\documents\visual studio 2013\projects\sgl\sgl\debug\main.obj
c:\users\besitzer\documents\visual studio 2013\projects\sgl\sgl\debug\glcheck.obj
c:\users\besitzer\documents\visual studio 2013\projects\sgl\sgl\debug\init.obj
c:\users\besitzer\documents\visual studio 2013\projects\sgl\sgl\debug\color.obj
c:\users\besitzer\documents\visual studio 2013\projects\sgl\sgl\debug\shape.obj
c:\users\besitzer\documents\visual studio 2013\projects\sgl\sgl\debug\surface.obj
c:\users\besitzer\documents\visual studio 2013\projects\sgl\sgl\debug\texture.obj
c:\users\besitzer\documents\visual studio 2013\projects\sgl\sgl\debug\transformable.obj
c:\users\besitzer\documents\visual studio 2013\projects\sgl\sgl\debug\mat4.obj
c:\users\besitzer\documents\visual studio 2013\projects\sgl\sgl\debug\vertex.obj
c:\users\besitzer\documents\visual studio 2013\projects\sgl\sgl\debug\clock.obj
c:\users\besitzer\documents\visual studio 2013\projects\sgl\sgl\debug\event.obj
c:\users\besitzer\documents\visual studio 2013\projects\sgl\sgl\debug\window.obj
c:\users\besitzer\documents\visual studio 2013\projects\sgl\debug\sgl.ilk
c:\users\besitzer\documents\visual studio 2013\projects\sgl\debug\sgl.exe
c:\users\besitzer\documents\visual studio 2013\projects\sgl\debug\sgl.pdb
c:\users\besitzer\documents\visual studio 2013\projects\sgl\sgl\debug\sgl.tlog\cl.command.1.tlog
c:\users\besitzer\documents\visual studio 2013\projects\sgl\sgl\debug\sgl.tlog\cl.read.1.tlog
c:\users\besitzer\documents\visual studio 2013\projects\sgl\sgl\debug\sgl.tlog\cl.write.1.tlog
c:\users\besitzer\documents\visual studio 2013\projects\sgl\sgl\debug\sgl.tlog\link.command.1.tlog
c:\users\besitzer\documents\visual studio 2013\projects\sgl\sgl\debug\sgl.tlog\link.read.1.tlog
c:\users\besitzer\documents\visual studio 2013\projects\sgl\sgl\debug\sgl.tlog\link.write.1.tlog
