Der Buildvorgang wurde am 12.08.2014 00:42:33 gestartet.
     1>Projekt "C:\Users\Besitzer\documents\visual studio 2013\Projects\SGL\SGL\SGL.vcxproj" auf Knoten "2", Build Ziel(e).
     1>ClCompile:
         C:\Program Files (x86)\Microsoft Visual Studio 12.0\VC\bin\CL.exe /c /ZI /nologo /W4 /WX- /sdl /Od /Ot /Oy- /D WIN32 /D _DEBUG /D _CONSOLE /D _LIB /D _UNICODE /D UNICODE /Gm /EHsc /RTC1 /MDd /GS /fp:precise /Zc:wchar_t /Zc:forScope /Fo"Debug\\" /Fd"Debug\vc120.pdb" /Gd /TP /wd4305 /wd4309 /wd4244 /analyze- /errorReport:prompt src\SGL\Math\mat4.cpp
         mat4.cpp
       Link:
         C:\Program Files (x86)\Microsoft Visual Studio 12.0\VC\bin\link.exe /ERRORREPORT:PROMPT /OUT:"C:\Users\Besitzer\documents\visual studio 2013\Projects\SGL\Debug\SGL.exe" /INCREMENTAL /NOLOGO SDL2.lib SDL2_image.lib SDL2_ttf.lib SDL2_mixer.lib glew32.lib opengl32.lib kernel32.lib user32.lib gdi32.lib winspool.lib comdlg32.lib advapi32.lib shell32.lib ole32.lib oleaut32.lib uuid.lib odbc32.lib odbccp32.lib /MANIFEST /MANIFESTUAC:"level='asInvoker' uiAccess='false'" /manifest:embed /DEBUG /PDB:"C:\Users\Besitzer\documents\visual studio 2013\Projects\SGL\Debug\SGL.pdb" /SUBSYSTEM:CONSOLE /TLBID:1 /DYNAMICBASE /NXCOMPAT /IMPLIB:"C:\Users\Besitzer\documents\visual studio 2013\Projects\SGL\Debug\SGL.lib" /MACHINE:X86 Debug\main.obj
         Debug\GLCheck.obj
         Debug\Init.obj
         Debug\Color.obj
         Debug\Shape.obj
         Debug\Surface.obj
         Debug\Texture.obj
         Debug\Transformable.obj
         Debug\mat4.obj
         Debug\Vertex.obj
         Debug\Clock.obj
         Debug\Event.obj
         Debug\Window.obj
         SGL.vcxproj -> C:\Users\Besitzer\documents\visual studio 2013\Projects\SGL\Debug\SGL.exe
     1>Die Erstellung des Projekts "C:\Users\Besitzer\documents\visual studio 2013\Projects\SGL\SGL\SGL.vcxproj" ist abgeschlossen, Build Ziel(e).

Build erfolgreich.

Verstrichene Zeit 00:00:00.49
